#
# There is insufficient memory for the Java Runtime Environment to continue.
# Native memory allocation (malloc) failed to allocate 2022080 bytes for Chunk::new
# Possible reasons:
#   The system is out of physical RAM or swap space
#   The process is running with CompressedOops enabled, and the Java Heap may be blocking the growth of the native heap
# Possible solutions:
#   Reduce memory load on the system
#   Increase physical memory or swap space
#   Check if swap backing store is full
#   Decrease Java heap size (-Xmx/-Xms)
#   Decrease number of Java threads
#   Decrease Java thread stack sizes (-Xss)
#   Set larger code cache with -XX:ReservedCodeCacheSize=
#   JVM is running with Unscaled Compressed Oops mode in which the Java heap is
#     placed in the first 4GB address space. The Java Heap base address is the
#     maximum limit for the native heap growth. Please use -XX:HeapBaseMinAddress
#     to set the Java Heap base and to place the Java Heap above 4GB virtual address.
# This output file may be truncated or incomplete.
#
#  Out of Memory Error (arena.cpp:195), pid=6628, tid=5240
#
# JRE version: Java(TM) SE Runtime Environment (16.0.1+9) (build 16.0.1+9-24)
# Java VM: Java HotSpot(TM) 64-Bit Server VM (16.0.1+9-24, mixed mode, sharing, tiered, compressed oops, compressed class ptrs, g1 gc, windows-amd64)
# No core dump will be written. Minidumps are not enabled by default on client versions of Windows
#

---------------  S U M M A R Y ------------

Command Line: C:\Users\asus\AppData\Local\Temp\surefire14601544818389611304\surefirebooter3042187210494416325.jar C:\Users\asus\AppData\Local\Temp\surefire14601544818389611304 2021-11-16T22-51-29_446-jvmRun1 surefire16124424159544000373tmp surefire_015850546877742460077tmp

Host: AMD Ryzen 5 2500U with Radeon Vega Mobile Gfx  , 8 cores, 6G,  Windows 10 , 64 bit Build 19041 (10.0.19041.1348)
Time: Tue Nov 16 22:51:43 2021 Hora est. Pacífico, Sudamérica elapsed time: 13.552438 seconds (0d 0h 0m 13s)

---------------  T H R E A D  ---------------

Current thread (0x000002285ebe62f0):  JavaThread "C2 CompilerThread0" daemon [_thread_in_native, id=5240, stack(0x000000f605700000,0x000000f605800000)]


Current CompileTask:
C2:  13552 5111       4       org.springframework.core.annotation.AnnotationsScanner::scan (18 bytes)

Stack: [0x000000f605700000,0x000000f605800000]
Native frames: (J=compiled Java code, j=interpreted, Vv=VM code, C=native code)
V  [jvm.dll+0x6687ca]
V  [jvm.dll+0x7ca3c9]
V  [jvm.dll+0x7cbb53]
V  [jvm.dll+0x7cc1b3]
V  [jvm.dll+0x242ea5]
V  [jvm.dll+0xadeca]
V  [jvm.dll+0xae5ac]
V  [jvm.dll+0x35af27]
V  [jvm.dll+0x3253d1]
V  [jvm.dll+0x32487a]
V  [jvm.dll+0x215f3c]
V  [jvm.dll+0x215350]
V  [jvm.dll+0x1a1d9b]
V  [jvm.dll+0x2253a8]
V  [jvm.dll+0x2233ec]
V  [jvm.dll+0x780002]
V  [jvm.dll+0x779b4a]
V  [jvm.dll+0x667666]
C  [ucrtbase.dll+0x21bb2]
C  [KERNEL32.DLL+0x17034]
C  [ntdll.dll+0x52651]


---------------  P R O C E S S  ---------------

Threads class SMR info:
_java_thread_list=0x0000022862cd2a10, length=18, elements={
0x000002284153cc30, 0x000002285ebc8e40, 0x000002285ebc9d00, 0x000002285ebdd450,
0x000002285ebddf60, 0x000002285ebe0880, 0x000002285ebe21b0, 0x000002285ebe62f0,
0x000002285ebf3c90, 0x000002285ec0c600, 0x000002285f89a720, 0x000002285f89cd10,
0x000002285f8dc9a0, 0x000002285f9d4be0, 0x00000228608f4f90, 0x000002286087a120,
0x0000022862e29e50, 0x0000022864381470
}

Java Threads: ( => current thread )
  0x000002284153cc30 JavaThread "main" [_thread_blocked, id=2656, stack(0x000000f604a00000,0x000000f604b00000)]
  0x000002285ebc8e40 JavaThread "Reference Handler" daemon [_thread_blocked, id=13368, stack(0x000000f605100000,0x000000f605200000)]
  0x000002285ebc9d00 JavaThread "Finalizer" daemon [_thread_blocked, id=5328, stack(0x000000f605200000,0x000000f605300000)]
  0x000002285ebdd450 JavaThread "Signal Dispatcher" daemon [_thread_blocked, id=8420, stack(0x000000f605300000,0x000000f605400000)]
  0x000002285ebddf60 JavaThread "Attach Listener" daemon [_thread_blocked, id=14576, stack(0x000000f605400000,0x000000f605500000)]
  0x000002285ebe0880 JavaThread "Service Thread" daemon [_thread_blocked, id=11236, stack(0x000000f605500000,0x000000f605600000)]
  0x000002285ebe21b0 JavaThread "Monitor Deflation Thread" daemon [_thread_blocked, id=14156, stack(0x000000f605600000,0x000000f605700000)]
=>0x000002285ebe62f0 JavaThread "C2 CompilerThread0" daemon [_thread_in_native, id=5240, stack(0x000000f605700000,0x000000f605800000)]
  0x000002285ebf3c90 JavaThread "C1 CompilerThread0" daemon [_thread_blocked, id=14348, stack(0x000000f605800000,0x000000f605900000)]
  0x000002285ec0c600 JavaThread "Sweeper thread" daemon [_thread_blocked, id=2724, stack(0x000000f605900000,0x000000f605a00000)]
  0x000002285f89a720 JavaThread "Notification Thread" daemon [_thread_blocked, id=15400, stack(0x000000f605a00000,0x000000f605b00000)]
  0x000002285f89cd10 JavaThread "Common-Cleaner" daemon [_thread_blocked, id=15656, stack(0x000000f605c00000,0x000000f605d00000)]
  0x000002285f8dc9a0 JavaThread "surefire-forkedjvm-command-thread" daemon [_thread_in_native, id=9400, stack(0x000000f605d00000,0x000000f605e00000)]
  0x000002285f9d4be0 JavaThread "surefire-forkedjvm-ping-30s" daemon [_thread_blocked, id=16180, stack(0x000000f605e00000,0x000000f605f00000)]
  0x00000228608f4f90 JavaThread "C2 CompilerThread1" daemon [_thread_in_native, id=8352, stack(0x000000f605f00000,0x000000f606000000)]
  0x000002286087a120 JavaThread "C2 CompilerThread2" daemon [_thread_in_native, id=9424, stack(0x000000f606a00000,0x000000f606b00000)]
  0x0000022862e29e50 JavaThread "HikariPool-1 housekeeper" daemon [_thread_blocked, id=4624, stack(0x000000f606b00000,0x000000f606c00000)]
  0x0000022864381470 JavaThread "surefire-forkedjvm-last-ditch-daemon-shutdown-thread-30s" daemon [_thread_blocked, id=11204, stack(0x000000f606c00000,0x000000f606d00000)]

Other Threads:
  0x000002285ebc1ef0 VMThread "VM Thread" [stack: 0x000000f605000000,0x000000f605100000] [id=6040]
  0x000002285f89bc50 WatcherThread [stack: 0x000000f605b00000,0x000000f605c00000] [id=14624]
  0x000002284157b440 GCTaskThread "GC Thread#0" [stack: 0x000000f604b00000,0x000000f604c00000] [id=1392]
  0x000002286080ecb0 GCTaskThread "GC Thread#1" [stack: 0x000000f606000000,0x000000f606100000] [id=13696]
  0x000002286055b610 GCTaskThread "GC Thread#2" [stack: 0x000000f606100000,0x000000f606200000] [id=11284]
  0x00000228604784e0 GCTaskThread "GC Thread#3" [stack: 0x000000f606200000,0x000000f606300000] [id=14196]
  0x000002285ffe6e50 GCTaskThread "GC Thread#4" [stack: 0x000000f606300000,0x000000f606400000] [id=13496]
  0x00000228603fd4b0 GCTaskThread "GC Thread#5" [stack: 0x000000f606400000,0x000000f606500000] [id=10776]
  0x000002286030ae00 GCTaskThread "GC Thread#6" [stack: 0x000000f606500000,0x000000f606600000] [id=12824]
  0x00000228609fcec0 GCTaskThread "GC Thread#7" [stack: 0x000000f606800000,0x000000f606900000] [id=6784]
  0x000002284158a300 ConcurrentGCThread "G1 Main Marker" [stack: 0x000000f604c00000,0x000000f604d00000] [id=12632]
  0x000002284158b510 ConcurrentGCThread "G1 Conc#0" [stack: 0x000000f604d00000,0x000000f604e00000] [id=13092]
  0x0000022860acd0b0 ConcurrentGCThread "G1 Conc#1" [stack: 0x000000f606900000,0x000000f606a00000] [id=4692]
  0x0000022841602cf0 ConcurrentGCThread "G1 Refine#0" [stack: 0x000000f604e00000,0x000000f604f00000] [id=12164]
  0x000002285f926db0 ConcurrentGCThread "G1 Refine#1" [stack: 0x000000f606600000,0x000000f606700000] [id=14168]
  0x000002285f927980 ConcurrentGCThread "G1 Refine#2" [stack: 0x000000f606700000,0x000000f606800000] [id=8596]
  0x0000022841603770 ConcurrentGCThread "G1 Service" [stack: 0x000000f604f00000,0x000000f605000000] [id=2900]

Threads with active compile tasks:
C2 CompilerThread0    13595 5111       4       org.springframework.core.annotation.AnnotationsScanner::scan (18 bytes)
C2 CompilerThread1    13595 5458       4       java.lang.reflect.Method::getGenericParameterTypes (5 bytes)
C2 CompilerThread2    13595 5174       4       org.springframework.core.annotation.AnnotationsScanner::process (43 bytes)

VM state: not at safepoint (normal execution)

VM Mutex/Monitor currently owned by a thread: None

Heap address: 0x0000000090c00000, size: 1780 MB, Compressed Oops mode: 32-bit

CDS archive(s) mapped at: [0x0000000800000000-0x0000000800bb0000-0x0000000800bb0000), size 12255232, SharedBaseAddress: 0x0000000800000000, ArchiveRelocationMode: 0.
Compressed class space mapped at: 0x0000000800c00000-0x0000000840c00000, reserved size: 1073741824
Narrow klass base: 0x0000000800000000, Narrow klass shift: 3, Narrow klass range: 0x100000000

GC Precious Log:
 CPUs: 8 total, 8 available
 Memory: 7113M
 Large Page Support: Disabled
 NUMA Support: Disabled
 Compressed Oops: Enabled (32-bit)
 Heap Region Size: 1M
 Heap Min Capacity: 8M
 Heap Initial Capacity: 112M
 Heap Max Capacity: 1780M
 Pre-touch: Disabled
 Parallel Workers: 8
 Concurrent Workers: 2
 Concurrent Refinement Workers: 8
 Periodic GC: Disabled

Heap:
 garbage-first heap   total 82944K, used 44345K [0x0000000090c00000, 0x0000000100000000)
  region size 1024K, 14 young (14336K), 3 survivors (3072K)
 Metaspace       used 55904K, committed 56320K, reserved 1097728K
  class space    used 7522K, committed 7744K, reserved 1048576K

Heap Regions: E=young(eden), S=young(survivor), O=old, HS=humongous(starts), HC=humongous(continues), CS=collection set, F=free, OA=open archive, CA=closed archive, TAMS=top-at-mark-start (previous, next)
|   0|0x0000000090c00000, 0x0000000090d00000, 0x0000000090d00000|100%|HS|  |TAMS 0x0000000090d00000, 0x0000000090c00000| Complete 
|   1|0x0000000090d00000, 0x0000000090e00000, 0x0000000090e00000|100%| O|  |TAMS 0x0000000090e00000, 0x0000000090d00000| Untracked 
|   2|0x0000000090e00000, 0x0000000090f00000, 0x0000000090f00000|100%| O|  |TAMS 0x0000000090f00000, 0x0000000090e00000| Untracked 
|   3|0x0000000090f00000, 0x0000000091000000, 0x0000000091000000|100%| O|  |TAMS 0x0000000091000000, 0x0000000090f00000| Untracked 
|   4|0x0000000091000000, 0x0000000091100000, 0x0000000091100000|100%| O|  |TAMS 0x0000000091100000, 0x0000000091000000| Untracked 
|   5|0x0000000091100000, 0x0000000091200000, 0x0000000091200000|100%| O|  |TAMS 0x0000000091200000, 0x0000000091100000| Untracked 
|   6|0x0000000091200000, 0x0000000091300000, 0x0000000091300000|100%| O|  |TAMS 0x0000000091300000, 0x0000000091200000| Untracked 
|   7|0x0000000091300000, 0x00000000913d0600, 0x0000000091400000| 81%| O|  |TAMS 0x00000000913d0600, 0x0000000091300000| Untracked 
|   8|0x0000000091400000, 0x0000000091500000, 0x0000000091500000|100%| O|  |TAMS 0x0000000091500000, 0x0000000091400000| Untracked 
|   9|0x0000000091500000, 0x0000000091600000, 0x0000000091600000|100%| O|  |TAMS 0x0000000091600000, 0x0000000091500000| Untracked 
|  10|0x0000000091600000, 0x0000000091700000, 0x0000000091700000|100%| O|  |TAMS 0x0000000091700000, 0x0000000091600000| Untracked 
|  11|0x0000000091700000, 0x0000000091800000, 0x0000000091800000|100%| O|  |TAMS 0x0000000091800000, 0x0000000091700000| Untracked 
|  12|0x0000000091800000, 0x0000000091900000, 0x0000000091900000|100%| O|  |TAMS 0x0000000091900000, 0x0000000091800000| Untracked 
|  13|0x0000000091900000, 0x0000000091929e00, 0x0000000091a00000| 16%| O|  |TAMS 0x0000000091929e00, 0x0000000091900000| Untracked 
|  14|0x0000000091a00000, 0x0000000091b00000, 0x0000000091b00000|100%| O|  |TAMS 0x0000000091a00000, 0x0000000091a00000| Untracked 
|  15|0x0000000091b00000, 0x0000000091c00000, 0x0000000091c00000|100%| O|  |TAMS 0x0000000091b00000, 0x0000000091b00000| Untracked 
|  16|0x0000000091c00000, 0x0000000091d00000, 0x0000000091d00000|100%| O|  |TAMS 0x0000000091c00000, 0x0000000091c00000| Untracked 
|  17|0x0000000091d00000, 0x0000000091e00000, 0x0000000091e00000|100%| O|  |TAMS 0x0000000091d00000, 0x0000000091d00000| Untracked 
|  18|0x0000000091e00000, 0x0000000091f00000, 0x0000000091f00000|100%| O|  |TAMS 0x0000000091e00000, 0x0000000091e00000| Untracked 
|  19|0x0000000091f00000, 0x0000000092000000, 0x0000000092000000|100%| O|  |TAMS 0x0000000091f00000, 0x0000000091f00000| Untracked 
|  20|0x0000000092000000, 0x0000000092100000, 0x0000000092100000|100%| O|  |TAMS 0x0000000092000000, 0x0000000092000000| Untracked 
|  21|0x0000000092100000, 0x0000000092200000, 0x0000000092200000|100%| O|  |TAMS 0x0000000092100000, 0x0000000092100000| Untracked 
|  22|0x0000000092200000, 0x0000000092300000, 0x0000000092300000|100%| O|  |TAMS 0x0000000092200000, 0x0000000092200000| Untracked 
|  23|0x0000000092300000, 0x0000000092400000, 0x0000000092400000|100%| O|  |TAMS 0x0000000092300000, 0x0000000092300000| Untracked 
|  24|0x0000000092400000, 0x0000000092500000, 0x0000000092500000|100%| O|  |TAMS 0x0000000092400000, 0x0000000092400000| Untracked 
|  25|0x0000000092500000, 0x0000000092600000, 0x0000000092600000|100%| O|  |TAMS 0x0000000092500000, 0x0000000092500000| Untracked 
|  26|0x0000000092600000, 0x0000000092700000, 0x0000000092700000|100%| O|  |TAMS 0x0000000092600000, 0x0000000092600000| Untracked 
|  27|0x0000000092700000, 0x0000000092800000, 0x0000000092800000|100%| O|  |TAMS 0x0000000092700000, 0x0000000092700000| Untracked 
|  28|0x0000000092800000, 0x0000000092900000, 0x0000000092900000|100%| O|  |TAMS 0x0000000092800000, 0x0000000092800000| Untracked 
|  29|0x0000000092900000, 0x000000009299bc00, 0x0000000092a00000| 60%| O|  |TAMS 0x0000000092900000, 0x0000000092900000| Untracked 
|  30|0x0000000092a00000, 0x0000000092a00000, 0x0000000092b00000|  0%| F|  |TAMS 0x0000000092a00000, 0x0000000092a00000| Untracked 
|  31|0x0000000092b00000, 0x0000000092b00000, 0x0000000092c00000|  0%| F|  |TAMS 0x0000000092b00000, 0x0000000092b00000| Untracked 
|  32|0x0000000092c00000, 0x0000000092c00000, 0x0000000092d00000|  0%| F|  |TAMS 0x0000000092c00000, 0x0000000092c00000| Untracked 
|  33|0x0000000092d00000, 0x0000000092d00000, 0x0000000092e00000|  0%| F|  |TAMS 0x0000000092d00000, 0x0000000092d00000| Untracked 
|  34|0x0000000092e00000, 0x0000000092e00000, 0x0000000092f00000|  0%| F|  |TAMS 0x0000000092e00000, 0x0000000092e00000| Untracked 
|  35|0x0000000092f00000, 0x0000000092f00000, 0x0000000093000000|  0%| F|  |TAMS 0x0000000092f00000, 0x0000000092f00000| Untracked 
|  36|0x0000000093000000, 0x0000000093000000, 0x0000000093100000|  0%| F|  |TAMS 0x0000000093000000, 0x0000000093000000| Untracked 
|  37|0x0000000093100000, 0x0000000093100000, 0x0000000093200000|  0%| F|  |TAMS 0x0000000093100000, 0x0000000093100000| Untracked 
|  38|0x0000000093200000, 0x0000000093200000, 0x0000000093300000|  0%| F|  |TAMS 0x0000000093200000, 0x0000000093200000| Untracked 
|  39|0x0000000093300000, 0x0000000093300000, 0x0000000093400000|  0%| F|  |TAMS 0x0000000093300000, 0x0000000093300000| Untracked 
|  40|0x0000000093400000, 0x0000000093400000, 0x0000000093500000|  0%| F|  |TAMS 0x0000000093400000, 0x0000000093400000| Untracked 
|  41|0x0000000093500000, 0x00000000935b86e0, 0x0000000093600000| 72%| S|CS|TAMS 0x0000000093500000, 0x0000000093500000| Complete 
|  42|0x0000000093600000, 0x0000000093700000, 0x0000000093700000|100%| S|CS|TAMS 0x0000000093600000, 0x0000000093600000| Complete 
|  43|0x0000000093700000, 0x0000000093800000, 0x0000000093800000|100%| S|CS|TAMS 0x0000000093700000, 0x0000000093700000| Complete 
|  44|0x0000000093800000, 0x0000000093800000, 0x0000000093900000|  0%| F|  |TAMS 0x0000000093800000, 0x0000000093800000| Untracked 
|  45|0x0000000093900000, 0x0000000093900000, 0x0000000093a00000|  0%| F|  |TAMS 0x0000000093900000, 0x0000000093900000| Untracked 
|  46|0x0000000093a00000, 0x0000000093a00000, 0x0000000093b00000|  0%| F|  |TAMS 0x0000000093a00000, 0x0000000093a00000| Untracked 
|  47|0x0000000093b00000, 0x0000000093b00000, 0x0000000093c00000|  0%| F|  |TAMS 0x0000000093b00000, 0x0000000093b00000| Untracked 
|  48|0x0000000093c00000, 0x0000000093c00000, 0x0000000093d00000|  0%| F|  |TAMS 0x0000000093c00000, 0x0000000093c00000| Untracked 
|  49|0x0000000093d00000, 0x0000000093d00000, 0x0000000093e00000|  0%| F|  |TAMS 0x0000000093d00000, 0x0000000093d00000| Untracked 
|  50|0x0000000093e00000, 0x0000000093e00000, 0x0000000093f00000|  0%| F|  |TAMS 0x0000000093e00000, 0x0000000093e00000| Untracked 
|  51|0x0000000093f00000, 0x0000000093f00000, 0x0000000094000000|  0%| F|  |TAMS 0x0000000093f00000, 0x0000000093f00000| Untracked 
|  52|0x0000000094000000, 0x0000000094000000, 0x0000000094100000|  0%| F|  |TAMS 0x0000000094000000, 0x0000000094000000| Untracked 
|  53|0x0000000094100000, 0x0000000094100000, 0x0000000094200000|  0%| F|  |TAMS 0x0000000094100000, 0x0000000094100000| Untracked 
|  54|0x0000000094200000, 0x0000000094200000, 0x0000000094300000|  0%| F|  |TAMS 0x0000000094200000, 0x0000000094200000| Untracked 
|  55|0x0000000094300000, 0x0000000094300000, 0x0000000094400000|  0%| F|  |TAMS 0x0000000094300000, 0x0000000094300000| Untracked 
|  56|0x0000000094400000, 0x0000000094400000, 0x0000000094500000|  0%| F|  |TAMS 0x0000000094400000, 0x0000000094400000| Untracked 
|  57|0x0000000094500000, 0x0000000094500000, 0x0000000094600000|  0%| F|  |TAMS 0x0000000094500000, 0x0000000094500000| Untracked 
|  58|0x0000000094600000, 0x0000000094600000, 0x0000000094700000|  0%| F|  |TAMS 0x0000000094600000, 0x0000000094600000| Untracked 
|  59|0x0000000094700000, 0x0000000094700000, 0x0000000094800000|  0%| F|  |TAMS 0x0000000094700000, 0x0000000094700000| Untracked 
|  60|0x0000000094800000, 0x0000000094800000, 0x0000000094900000|  0%| F|  |TAMS 0x0000000094800000, 0x0000000094800000| Untracked 
|  61|0x0000000094900000, 0x0000000094900000, 0x0000000094a00000|  0%| F|  |TAMS 0x0000000094900000, 0x0000000094900000| Untracked 
|  62|0x0000000094a00000, 0x0000000094a00000, 0x0000000094b00000|  0%| F|  |TAMS 0x0000000094a00000, 0x0000000094a00000| Untracked 
|  63|0x0000000094b00000, 0x0000000094b00000, 0x0000000094c00000|  0%| F|  |TAMS 0x0000000094b00000, 0x0000000094b00000| Untracked 
|  64|0x0000000094c00000, 0x0000000094c00000, 0x0000000094d00000|  0%| F|  |TAMS 0x0000000094c00000, 0x0000000094c00000| Untracked 
|  65|0x0000000094d00000, 0x0000000094d00000, 0x0000000094e00000|  0%| F|  |TAMS 0x0000000094d00000, 0x0000000094d00000| Untracked 
|  66|0x0000000094e00000, 0x0000000094e00000, 0x0000000094f00000|  0%| F|  |TAMS 0x0000000094e00000, 0x0000000094e00000| Untracked 
|  67|0x0000000094f00000, 0x0000000094f00000, 0x0000000095000000|  0%| F|  |TAMS 0x0000000094f00000, 0x0000000094f00000| Untracked 
|  68|0x0000000095000000, 0x00000000950b04b0, 0x0000000095100000| 68%| E|  |TAMS 0x0000000095000000, 0x0000000095000000| Complete 
|  69|0x0000000095100000, 0x0000000095200000, 0x0000000095200000|100%| E|CS|TAMS 0x0000000095100000, 0x0000000095100000| Complete 
|  70|0x0000000095200000, 0x0000000095300000, 0x0000000095300000|100%| E|CS|TAMS 0x0000000095200000, 0x0000000095200000| Complete 
|  71|0x0000000095300000, 0x0000000095400000, 0x0000000095400000|100%| E|CS|TAMS 0x0000000095300000, 0x0000000095300000| Complete 
|  72|0x0000000095400000, 0x0000000095500000, 0x0000000095500000|100%| E|CS|TAMS 0x0000000095400000, 0x0000000095400000| Complete 
|  73|0x0000000095500000, 0x0000000095600000, 0x0000000095600000|100%| E|CS|TAMS 0x0000000095500000, 0x0000000095500000| Complete 
|  74|0x0000000095600000, 0x0000000095700000, 0x0000000095700000|100%| E|CS|TAMS 0x0000000095600000, 0x0000000095600000| Complete 
|  75|0x0000000095700000, 0x0000000095800000, 0x0000000095800000|100%| E|CS|TAMS 0x0000000095700000, 0x0000000095700000| Complete 
|  76|0x0000000095800000, 0x0000000095900000, 0x0000000095900000|100%| E|CS|TAMS 0x0000000095800000, 0x0000000095800000| Complete 
|  77|0x0000000095900000, 0x0000000095a00000, 0x0000000095a00000|100%| E|CS|TAMS 0x0000000095900000, 0x0000000095900000| Complete 
| 111|0x0000000097b00000, 0x0000000097c00000, 0x0000000097c00000|100%| E|CS|TAMS 0x0000000097b00000, 0x0000000097b00000| Complete 
|1778|0x00000000ffe00000, 0x00000000fff00000, 0x00000000fff00000|100%| O|  |TAMS 0x00000000fff00000, 0x00000000ffe00000| Untracked 
|1779|0x00000000fff00000, 0x0000000100000000, 0x0000000100000000|100%| O|  |TAMS 0x0000000100000000, 0x00000000fff00000| Untracked 

Card table byte_map: [0x0000022858370000,0x00000228586f0000] _byte_map_base: 0x0000022857eea000

Marking Bits (Prev, Next): (CMBitMap*) 0x000002284157bab0, (CMBitMap*) 0x000002284157baf0
 Prev Bits: [0x0000022858a70000, 0x000002285a640000)
 Next Bits: [0x000002285a640000, 0x000002285c210000)

Polling page: 0x000002283f470000

Metaspace:

Usage:
  Non-class:     47.25 MB used.
      Class:      7.35 MB used.
       Both:     54.59 MB used.

Virtual space:
  Non-class space:       48.00 MB reserved,      47.44 MB ( 99%) committed,  6 nodes.
      Class space:        1.00 GB reserved,       7.56 MB ( <1%) committed,  1 nodes.
              Both:        1.05 GB reserved,      55.00 MB (  5%) committed. 

Chunk freelists:
   Non-Class:  398.00 KB
       Class:  319.00 KB
        Both:  717.00 KB

MaxMetaspaceSize: 17179869184.00 GB
CompressedClassSpaceSize: 1.00 GB
 - commit_granule_bytes: 65536.
 - commit_granule_words: 8192.
 - virtual_space_node_default_size: 1048576.
 - enlarge_chunks_in_place: 1.
 - new_chunks_are_fully_committed: 0.
 - uncommit_free_chunks: 1.
 - use_allocation_guard: 0.
 - handle_deallocations: 1.


Internal statistics:

num_allocs_failed_limit: 6.
num_arena_births: 512.
num_arena_deaths: 0.
num_vsnodes_births: 7.
num_vsnodes_deaths: 0.
num_space_committed: 880.
num_space_uncommitted: 0.
num_chunks_returned_to_freelist: 6.
num_chunks_taken_from_freelist: 2630.
num_chunk_merges: 6.
num_chunk_splits: 1857.
num_chunks_enlarged: 1451.
num_purges: 0.

CodeHeap 'non-profiled nmethods': size=120000Kb used=3187Kb max_used=3350Kb free=116812Kb
 bounds [0x0000022850790000, 0x0000022850b00000, 0x0000022857cc0000]
CodeHeap 'profiled nmethods': size=120000Kb used=9917Kb max_used=10768Kb free=110082Kb
 bounds [0x0000022849260000, 0x0000022849cf0000, 0x0000022850790000]
CodeHeap 'non-nmethods': size=5760Kb used=1305Kb max_used=1357Kb free=4454Kb
 bounds [0x0000022848cc0000, 0x0000022848f30000, 0x0000022849260000]
 total_blobs=5645 nmethods=5023 adapters=532
 compilation: enabled
              stopped_count=0, restarted_count=0
 full_count=0

Compilation events (20 events):
Event: 13.534 Thread 0x000002285ebf3c90 5777       3       org.springframework.boot.test.mock.mockito.MockReset::get (83 bytes)
Event: 13.535 Thread 0x000002285ebf3c90 nmethod 5777 0x0000022849a73d10 code [0x0000022849a73fe0, 0x0000022849a74dd8]
Event: 13.535 Thread 0x000002285ebf3c90 5778       3       org.mockito.Mockito::mockingDetails (8 bytes)
Event: 13.536 Thread 0x000002285ebf3c90 nmethod 5778 0x000002284932a110 code [0x000002284932a2c0, 0x000002284932a598]
Event: 13.536 Thread 0x000002285ebf3c90 5779       3       org.mockito.internal.MockitoCore::mockingDetails (9 bytes)
Event: 13.536 Thread 0x000002285ebf3c90 nmethod 5779 0x0000022849329c10 code [0x0000022849329dc0, 0x000002284932a038]
Event: 13.536 Thread 0x000002285ebf3c90 5780       3       org.mockito.internal.util.DefaultMockingDetails::<init> (10 bytes)
Event: 13.536 Thread 0x000002285ebf3c90 nmethod 5780 0x0000022849a73910 code [0x0000022849a73ac0, 0x0000022849a73c78]
Event: 13.536 Thread 0x000002285ebf3c90 5781       3       org.mockito.internal.util.DefaultMockingDetails::isMock (8 bytes)
Event: 13.536 Thread 0x000002285ebf3c90 nmethod 5781 0x0000022849a73290 code [0x0000022849a73460, 0x0000022849a737d8]
Event: 13.536 Thread 0x000002285ebf3c90 5782       3       org.mockito.internal.util.MockUtil::isMock (29 bytes)
Event: 13.537 Thread 0x000002285ebf3c90 nmethod 5782 0x0000022849a72c90 code [0x0000022849a72e60, 0x0000022849a73178]
Event: 13.537 Thread 0x000002285ebf3c90 5783       3       org.mockito.internal.configuration.plugins.Plugins::getMockResolvers (7 bytes)
Event: 13.537 Thread 0x000002285ebf3c90 nmethod 5783 0x00000228494e6590 code [0x00000228494e6720, 0x00000228494e6838]
Event: 13.537 Thread 0x000002285ebf3c90 5784       3       org.springframework.boot.test.mock.mockito.SpringBootMockResolver::resolve (5 bytes)
Event: 13.537 Thread 0x000002285ebf3c90 nmethod 5784 0x0000022849a72790 code [0x0000022849a72940, 0x0000022849a72a88]
Event: 13.537 Thread 0x000002285ebf3c90 5785       3       org.mockito.internal.creation.bytebuddy.ByteBuddyMockMaker::getHandler (11 bytes)
Event: 13.537 Thread 0x000002285ebf3c90 nmethod 5785 0x0000022849360910 code [0x0000022849360ac0, 0x0000022849360ca8]
Event: 13.545 Thread 0x00000228608f4f90 nmethod 5070 0x0000022850ae1010 code [0x0000022850ae19c0, 0x0000022850aea6e8]
Event: 13.546 Thread 0x00000228608f4f90 5761       4       net.bytebuddy.description.type.TypeDefinition$Sort::describe (127 bytes)

GC Heap History (20 events):
Event: 3.881 GC heap before
{Heap before GC invocations=3 (full 0):
 garbage-first heap   total 114688K, used 68922K [0x0000000090c00000, 0x0000000100000000)
  region size 1024K, 62 young (63488K), 4 survivors (4096K)
 Metaspace       used 20995K, committed 21248K, reserved 1073152K
  class space    used 2613K, committed 2752K, reserved 1048576K
}
Event: 3.889 GC heap after
{Heap after GC invocations=4 (full 0):
 garbage-first heap   total 114688K, used 13059K [0x0000000090c00000, 0x0000000100000000)
  region size 1024K, 5 young (5120K), 5 survivors (5120K)
 Metaspace       used 20995K, committed 21248K, reserved 1073152K
  class space    used 2613K, committed 2752K, reserved 1048576K
}
Event: 5.478 GC heap before
{Heap before GC invocations=5 (full 0):
 garbage-first heap   total 48128K, used 47875K [0x0000000090c00000, 0x0000000100000000)
  region size 1024K, 39 young (39936K), 5 survivors (5120K)
 Metaspace       used 25687K, committed 25984K, reserved 1073152K
  class space    used 3263K, committed 3392K, reserved 1048576K
}
Event: 5.495 GC heap after
{Heap after GC invocations=6 (full 0):
 garbage-first heap   total 57344K, used 15701K [0x0000000090c00000, 0x0000000100000000)
  region size 1024K, 7 young (7168K), 7 survivors (7168K)
 Metaspace       used 25687K, committed 25984K, reserved 1073152K
  class space    used 3263K, committed 3392K, reserved 1048576K
}
Event: 6.220 GC heap before
{Heap before GC invocations=6 (full 0):
 garbage-first heap   total 57344K, used 38229K [0x0000000090c00000, 0x0000000100000000)
  region size 1024K, 30 young (30720K), 7 survivors (7168K)
 Metaspace       used 29528K, committed 29888K, reserved 1081344K
  class space    used 3822K, committed 3968K, reserved 1048576K
}
Event: 6.236 GC heap after
{Heap after GC invocations=7 (full 0):
 garbage-first heap   total 57344K, used 17385K [0x0000000090c00000, 0x0000000100000000)
  region size 1024K, 2 young (2048K), 2 survivors (2048K)
 Metaspace       used 29528K, committed 29888K, reserved 1081344K
  class space    used 3822K, committed 3968K, reserved 1048576K
}
Event: 7.059 GC heap before
{Heap before GC invocations=7 (full 0):
 garbage-first heap   total 57344K, used 35817K [0x0000000090c00000, 0x0000000100000000)
  region size 1024K, 22 young (22528K), 2 survivors (2048K)
 Metaspace       used 35149K, committed 35520K, reserved 1081344K
  class space    used 4592K, committed 4800K, reserved 1048576K
}
Event: 7.072 GC heap after
{Heap after GC invocations=8 (full 0):
 garbage-first heap   total 69632K, used 18379K [0x0000000090c00000, 0x0000000100000000)
  region size 1024K, 3 young (3072K), 3 survivors (3072K)
 Metaspace       used 35149K, committed 35520K, reserved 1081344K
  class space    used 4592K, committed 4800K, reserved 1048576K
}
Event: 8.832 GC heap before
{Heap before GC invocations=9 (full 0):
 garbage-first heap   total 68608K, used 51147K [0x0000000090c00000, 0x0000000100000000)
  region size 1024K, 35 young (35840K), 3 survivors (3072K)
 Metaspace       used 43277K, committed 43584K, reserved 1089536K
  class space    used 5731K, committed 5888K, reserved 1048576K
}
Event: 8.843 GC heap after
{Heap after GC invocations=10 (full 0):
 garbage-first heap   total 68608K, used 20387K [0x0000000090c00000, 0x0000000100000000)
  region size 1024K, 4 young (4096K), 4 survivors (4096K)
 Metaspace       used 43277K, committed 43584K, reserved 1089536K
  class space    used 5731K, committed 5888K, reserved 1048576K
}
Event: 9.709 GC heap before
{Heap before GC invocations=10 (full 0):
 garbage-first heap   total 68608K, used 51107K [0x0000000090c00000, 0x0000000100000000)
  region size 1024K, 34 young (34816K), 4 survivors (4096K)
 Metaspace       used 47945K, committed 48256K, reserved 1097728K
  class space    used 6361K, committed 6528K, reserved 1048576K
}
Event: 9.723 GC heap after
{Heap after GC invocations=11 (full 0):
 garbage-first heap   total 68608K, used 22241K [0x0000000090c00000, 0x0000000100000000)
  region size 1024K, 4 young (4096K), 4 survivors (4096K)
 Metaspace       used 47945K, committed 48256K, reserved 1097728K
  class space    used 6361K, committed 6528K, reserved 1048576K
}
Event: 10.623 GC heap before
{Heap before GC invocations=11 (full 0):
 garbage-first heap   total 68608K, used 51937K [0x0000000090c00000, 0x0000000100000000)
  region size 1024K, 33 young (33792K), 4 survivors (4096K)
 Metaspace       used 49903K, committed 50240K, reserved 1097728K
  class space    used 6615K, committed 6784K, reserved 1048576K
}
Event: 10.645 GC heap after
{Heap after GC invocations=12 (full 0):
 garbage-first heap   total 68608K, used 25313K [0x0000000090c00000, 0x0000000100000000)
  region size 1024K, 5 young (5120K), 5 survivors (5120K)
 Metaspace       used 49903K, committed 50240K, reserved 1097728K
  class space    used 6615K, committed 6784K, reserved 1048576K
}
Event: 11.570 GC heap before
{Heap before GC invocations=12 (full 0):
 garbage-first heap   total 68608K, used 51937K [0x0000000090c00000, 0x0000000100000000)
  region size 1024K, 31 young (31744K), 5 survivors (5120K)
 Metaspace       used 51707K, committed 52096K, reserved 1097728K
  class space    used 6892K, committed 7104K, reserved 1048576K
}
Event: 11.603 GC heap after
{Heap after GC invocations=13 (full 0):
 garbage-first heap   total 68608K, used 28418K [0x0000000090c00000, 0x0000000100000000)
  region size 1024K, 3 young (3072K), 3 survivors (3072K)
 Metaspace       used 51707K, committed 52096K, reserved 1097728K
  class space    used 6892K, committed 7104K, reserved 1048576K
}
Event: 12.513 GC heap before
{Heap before GC invocations=13 (full 0):
 garbage-first heap   total 68608K, used 51970K [0x0000000090c00000, 0x0000000100000000)
  region size 1024K, 27 young (27648K), 3 survivors (3072K)
 Metaspace       used 53229K, committed 53632K, reserved 1097728K
  class space    used 7094K, committed 7296K, reserved 1048576K
}
Event: 12.528 GC heap after
{Heap after GC invocations=14 (full 0):
 garbage-first heap   total 68608K, used 31026K [0x0000000090c00000, 0x0000000100000000)
  region size 1024K, 3 young (3072K), 3 survivors (3072K)
 Metaspace       used 53229K, committed 53632K, reserved 1097728K
  class space    used 7094K, committed 7296K, reserved 1048576K
}
Event: 13.053 GC heap before
{Heap before GC invocations=14 (full 0):
 garbage-first heap   total 68608K, used 52530K [0x0000000090c00000, 0x0000000100000000)
  region size 1024K, 24 young (24576K), 3 survivors (3072K)
 Metaspace       used 53968K, committed 54336K, reserved 1097728K
  class space    used 7187K, committed 7360K, reserved 1048576K
}
Event: 13.071 GC heap after
{Heap after GC invocations=15 (full 0):
 garbage-first heap   total 82944K, used 34105K [0x0000000090c00000, 0x0000000100000000)
  region size 1024K, 3 young (3072K), 3 survivors (3072K)
 Metaspace       used 53968K, committed 54336K, reserved 1097728K
  class space    used 7187K, committed 7360K, reserved 1048576K
}

Deoptimization events (20 events):
Event: 13.239 Thread 0x000002284153cc30 Uncommon trap: trap_request=0xffffffde fr.pc=0x0000022850a46834 relative=0x00000000000002f4
Event: 13.239 Thread 0x000002284153cc30 Uncommon trap: reason=class_check action=maybe_recompile pc=0x0000022850a46834 method=net.bytebuddy.description.type.TypeDefinition$Sort.describe(Ljava/lang/reflect/Type;Lnet/bytebuddy/description/type/TypeDescription$Generic$AnnotationReader;)Lnet/bytebu
Event: 13.239 Thread 0x000002284153cc30 DEOPT PACKING pc=0x0000022850a46834 sp=0x000000f604af9100
Event: 13.239 Thread 0x000002284153cc30 DEOPT UNPACKING pc=0x0000022848d0d72e sp=0x000000f604af90d0 mode 2
Event: 13.248 Thread 0x000002284153cc30 Uncommon trap: trap_request=0xffffffde fr.pc=0x0000022850a46834 relative=0x00000000000002f4
Event: 13.248 Thread 0x000002284153cc30 Uncommon trap: reason=class_check action=maybe_recompile pc=0x0000022850a46834 method=net.bytebuddy.description.type.TypeDefinition$Sort.describe(Ljava/lang/reflect/Type;Lnet/bytebuddy/description/type/TypeDescription$Generic$AnnotationReader;)Lnet/bytebu
Event: 13.248 Thread 0x000002284153cc30 DEOPT PACKING pc=0x0000022850a46834 sp=0x000000f604af93a0
Event: 13.248 Thread 0x000002284153cc30 DEOPT UNPACKING pc=0x0000022848d0d72e sp=0x000000f604af9370 mode 2
Event: 13.252 Thread 0x000002284153cc30 Uncommon trap: trap_request=0xffffffde fr.pc=0x0000022850a46834 relative=0x00000000000002f4
Event: 13.252 Thread 0x000002284153cc30 Uncommon trap: reason=class_check action=maybe_recompile pc=0x0000022850a46834 method=net.bytebuddy.description.type.TypeDefinition$Sort.describe(Ljava/lang/reflect/Type;Lnet/bytebuddy/description/type/TypeDescription$Generic$AnnotationReader;)Lnet/bytebu
Event: 13.252 Thread 0x000002284153cc30 DEOPT PACKING pc=0x0000022850a46834 sp=0x000000f604af9430
Event: 13.252 Thread 0x000002284153cc30 DEOPT UNPACKING pc=0x0000022848d0d72e sp=0x000000f604af93f0 mode 2
Event: 13.254 Thread 0x000002284153cc30 Uncommon trap: trap_request=0xffffffde fr.pc=0x0000022850a46834 relative=0x00000000000002f4
Event: 13.254 Thread 0x000002284153cc30 Uncommon trap: reason=class_check action=maybe_recompile pc=0x0000022850a46834 method=net.bytebuddy.description.type.TypeDefinition$Sort.describe(Ljava/lang/reflect/Type;Lnet/bytebuddy/description/type/TypeDescription$Generic$AnnotationReader;)Lnet/bytebu
Event: 13.254 Thread 0x000002284153cc30 DEOPT PACKING pc=0x0000022850a46834 sp=0x000000f604af9100
Event: 13.254 Thread 0x000002284153cc30 DEOPT UNPACKING pc=0x0000022848d0d72e sp=0x000000f604af90d0 mode 2
Event: 13.413 Thread 0x000002284153cc30 Uncommon trap: trap_request=0xffffff45 fr.pc=0x0000022850a388b0 relative=0x0000000000003d70
Event: 13.413 Thread 0x000002284153cc30 Uncommon trap: reason=unstable_if action=reinterpret pc=0x0000022850a388b0 method=java.lang.ClassLoader.preDefineClass(Ljava/lang/String;Ljava/security/ProtectionDomain;)Ljava/security/ProtectionDomain; @ 96 c2
Event: 13.413 Thread 0x000002284153cc30 DEOPT PACKING pc=0x0000022850a388b0 sp=0x000000f604af87f0
Event: 13.413 Thread 0x000002284153cc30 DEOPT UNPACKING pc=0x0000022848d0d72e sp=0x000000f604af87b0 mode 2

Classes unloaded (0 events):
No events

Classes redefined (0 events):
No events

Internal exceptions (20 events):
Event: 13.029 Thread 0x000002284153cc30 Exception <a 'java/lang/ClassNotFoundException'{0x0000000093817878}: javax/servlet/FilterCustomizer> (0x0000000093817878) 
thrown [t:\workspace\open\src\hotspot\share\classfile\systemDictionary.cpp, line 256]
Event: 13.029 Thread 0x000002284153cc30 Exception <a 'java/lang/ClassNotFoundException'{0x000000009381f7a0}: org/springframework/beans/factory/BeanNameAwareCustomizer> (0x000000009381f7a0) 
thrown [t:\workspace\open\src\hotspot\share\classfile\systemDictionary.cpp, line 256]
Event: 13.030 Thread 0x000002284153cc30 Exception <a 'java/lang/ClassNotFoundException'{0x0000000093826c48}: org/springframework/beans/factory/AwareCustomizer> (0x0000000093826c48) 
thrown [t:\workspace\open\src\hotspot\share\classfile\systemDictionary.cpp, line 256]
Event: 13.030 Thread 0x000002284153cc30 Exception <a 'java/lang/ClassNotFoundException'{0x000000009382d368}: org/springframework/context/EnvironmentAwareCustomizer> (0x000000009382d368) 
thrown [t:\workspace\open\src\hotspot\share\classfile\systemDictionary.cpp, line 256]
Event: 13.031 Thread 0x000002284153cc30 Exception <a 'java/lang/ClassNotFoundException'{0x0000000093834800}: org/springframework/beans/factory/AwareCustomizer> (0x0000000093834800) 
thrown [t:\workspace\open\src\hotspot\share\classfile\systemDictionary.cpp, line 256]
Event: 13.032 Thread 0x000002284153cc30 Exception <a 'java/lang/ClassNotFoundException'{0x000000009383b0c0}: org/springframework/core/env/EnvironmentCapableCustomizer> (0x000000009383b0c0) 
thrown [t:\workspace\open\src\hotspot\share\classfile\systemDictionary.cpp, line 256]
Event: 13.033 Thread 0x000002284153cc30 Exception <a 'java/lang/ClassNotFoundException'{0x00000000938428e0}: org/springframework/web/context/ServletContextAwareCustomizer> (0x00000000938428e0) 
thrown [t:\workspace\open\src\hotspot\share\classfile\systemDictionary.cpp, line 256]
Event: 13.033 Thread 0x000002284153cc30 Exception <a 'java/lang/ClassNotFoundException'{0x0000000093849de0}: org/springframework/beans/factory/AwareCustomizer> (0x0000000093849de0) 
thrown [t:\workspace\open\src\hotspot\share\classfile\systemDictionary.cpp, line 256]
Event: 13.034 Thread 0x000002284153cc30 Exception <a 'java/lang/ClassNotFoundException'{0x0000000093850750}: org/springframework/beans/factory/InitializingBeanCustomizer> (0x0000000093850750) 
thrown [t:\workspace\open\src\hotspot\share\classfile\systemDictionary.cpp, line 256]
Event: 13.035 Thread 0x000002284153cc30 Exception <a 'java/lang/ClassNotFoundException'{0x0000000093857948}: org/springframework/beans/factory/DisposableBeanCustomizer> (0x0000000093857948) 
thrown [t:\workspace\open\src\hotspot\share\classfile\systemDictionary.cpp, line 256]
Event: 13.039 Thread 0x000002284153cc30 Exception <a 'java/lang/ClassNotFoundException'{0x00000000938816d0}: java/lang/ObjectCustomizer> (0x00000000938816d0) 
thrown [t:\workspace\open\src\hotspot\share\classfile\systemDictionary.cpp, line 256]
Event: 13.040 Thread 0x000002284153cc30 Exception <a 'java/lang/ClassNotFoundException'{0x000000009388bce8}: org/springframework/web/multipart/support/StandardServletMultipartResolverCustomizer> (0x000000009388bce8) 
thrown [t:\workspace\open\src\hotspot\share\classfile\systemDictionary.cpp, line 256]
Event: 13.041 Thread 0x000002284153cc30 Exception <a 'java/lang/ClassNotFoundException'{0x0000000093898030}: org/springframework/web/multipart/MultipartResolverCustomizer> (0x0000000093898030) 
thrown [t:\workspace\open\src\hotspot\share\classfile\systemDictionary.cpp, line 256]
Event: 13.129 Thread 0x000002284153cc30 Exception <a 'java/lang/ClassNotFoundException'{0x00000000959277a8}: java/lang/ObjectCustomizer> (0x00000000959277a8) 
thrown [t:\workspace\open\src\hotspot\share\classfile\systemDictionary.cpp, line 256]
Event: 13.130 Thread 0x000002284153cc30 Exception <a 'java/lang/ClassNotFoundException'{0x0000000095930bc8}: co/usa/cliclo3/reto3/Reto3ApplicationTestsCustomizer> (0x0000000095930bc8) 
thrown [t:\workspace\open\src\hotspot\share\classfile\systemDictionary.cpp, line 256]
Event: 13.150 Thread 0x000002284153cc30 Exception <a 'java/lang/NoSuchMethodError'{0x0000000095992e78}: 'java.lang.Object java.lang.invoke.DirectMethodHandle$Holder.newInvokeSpecial(java.lang.Object, java.lang.Object, java.lang.Object, java.lang.Object, int)'> (0x0000000095992e78) 
thrown [t:\workspace\open\src\hotspot\share\interpreter\linkResolver.cpp, line 790]
Event: 13.150 Thread 0x000002284153cc30 Exception <a 'java/lang/NoSuchMethodError'{0x0000000095997478}: 'java.lang.Object java.lang.invoke.DirectMethodHandle$Holder.invokeSpecial(java.lang.Object, java.lang.Object, java.lang.Object, java.lang.Object, java.lang.Object, int)'> (0x0000000095997478) 
thrown [t:\workspace\open\src\hotspot\share\interpreter\linkResolver.cpp, line 790]
Event: 13.151 Thread 0x000002284153cc30 Exception <a 'java/lang/NoSuchMethodError'{0x000000009599b408}: 'java.lang.Object java.lang.invoke.Invokers$Holder.linkToTargetMethod(java.lang.Object, java.lang.Object, java.lang.Object, int, java.lang.Object)'> (0x000000009599b408) 
thrown [t:\workspace\open\src\hotspot\share\interpreter\linkResolver.cpp, line 790]
Event: 13.413 Thread 0x000002284153cc30 Implicit null exception at 0x0000022850a34cfe to 0x0000022850a3886c
Event: 13.475 Thread 0x000002284153cc30 Exception <a 'java/lang/ClassNotFoundException'{0x0000000095227270}: java/lang/ClassLoader$ByteBuddyAccessor$wdC87Dvg> (0x0000000095227270) 
thrown [t:\workspace\open\src\hotspot\share\classfile\systemDictionary.cpp, line 256]

Events (20 events):
Event: 13.346 loading class jdk/internal/jimage/ImageBufferCache
Event: 13.346 loading class jdk/internal/jimage/ImageBufferCache done
Event: 13.346 loading class jdk/internal/jimage/ImageBufferCache$1
Event: 13.346 loading class jdk/internal/jimage/ImageBufferCache$1 done
Event: 13.346 loading class jdk/internal/jimage/ImageBufferCache$2
Event: 13.346 loading class jdk/internal/jimage/ImageBufferCache$2 done
Event: 13.346 loading class jdk/internal/jimage/ImageBufferCache$BufferReference
Event: 13.346 loading class jdk/internal/jimage/ImageBufferCache$BufferReference done
Event: 13.402 loading class java/lang/instrument/IllegalClassFormatException
Event: 13.402 loading class java/lang/instrument/IllegalClassFormatException done
Event: 13.409 loading class jdk/internal/vm/annotation/ForceInline
Event: 13.409 loading class jdk/internal/vm/annotation/ForceInline done
Event: 13.468 loading class jdk/internal/loader/BootLoader$PackageHelper
Event: 13.468 loading class jdk/internal/loader/BootLoader$PackageHelper done
Event: 13.475 loading class java/lang/ClassLoader$ByteBuddyAccessor$wdC87Dvg
Event: 13.475 loading class java/lang/ClassLoader$ByteBuddyAccessor$wdC87Dvg done
Event: 13.504 loading class java/io/FileWriter
Event: 13.504 loading class java/io/FileWriter done
Event: 13.539 loading class java/util/concurrent/ConcurrentHashMap$ValueSpliterator
Event: 13.540 loading class java/util/concurrent/ConcurrentHashMap$ValueSpliterator done


Dynamic libraries:
0x00007ff6bbcc0000 - 0x00007ff6bbcd0000 	C:\Program Files\Java\jdk-16.0.1\bin\java.exe
0x00007ffdff8d0000 - 0x00007ffdffac5000 	C:\WINDOWS\SYSTEM32\ntdll.dll
0x00007ffdfe870000 - 0x00007ffdfe92e000 	C:\WINDOWS\System32\KERNEL32.DLL
0x00007ffdfcff0000 - 0x00007ffdfd2b8000 	C:\WINDOWS\System32\KERNELBASE.dll
0x00007ffdfd610000 - 0x00007ffdfd710000 	C:\WINDOWS\System32\ucrtbase.dll
0x00007ffdf9a60000 - 0x00007ffdf9a79000 	C:\Program Files\Java\jdk-16.0.1\bin\VCRUNTIME140.dll
0x00007ffdfa170000 - 0x00007ffdfa188000 	C:\Program Files\Java\jdk-16.0.1\bin\jli.dll
0x00007ffdfda00000 - 0x00007ffdfdaac000 	C:\WINDOWS\System32\ADVAPI32.dll
0x00007ffdfdfa0000 - 0x00007ffdfe03e000 	C:\WINDOWS\System32\msvcrt.dll
0x00007ffdfe7c0000 - 0x00007ffdfe85b000 	C:\WINDOWS\System32\sechost.dll
0x00007ffdfe1a0000 - 0x00007ffdfe2ca000 	C:\WINDOWS\System32\RPCRT4.dll
0x00007ffdff5c0000 - 0x00007ffdff761000 	C:\WINDOWS\System32\USER32.dll
0x00007ffdfd580000 - 0x00007ffdfd5a2000 	C:\WINDOWS\System32\win32u.dll
0x00007ffdfe2d0000 - 0x00007ffdfe2fb000 	C:\WINDOWS\System32\GDI32.dll
0x00007ffdec210000 - 0x00007ffdec4aa000 	C:\WINDOWS\WinSxS\amd64_microsoft.windows.common-controls_6595b64144ccf1df_6.0.19041.1110_none_60b5254171f9507e\COMCTL32.dll
0x00007ffdfd7c0000 - 0x00007ffdfd8cb000 	C:\WINDOWS\System32\gdi32full.dll
0x00007ffdfd350000 - 0x00007ffdfd3ed000 	C:\WINDOWS\System32\msvcp_win.dll
0x00007ffdf3d90000 - 0x00007ffdf3d9a000 	C:\WINDOWS\SYSTEM32\VERSION.dll
0x00007ffdfee50000 - 0x00007ffdfee80000 	C:\WINDOWS\System32\IMM32.DLL
0x00007ffdf9a50000 - 0x00007ffdf9a5c000 	C:\Program Files\Java\jdk-16.0.1\bin\vcruntime140_1.dll
0x00007ffdd2f10000 - 0x00007ffdd2fa1000 	C:\Program Files\Java\jdk-16.0.1\bin\msvcp140.dll
0x00007ffdaeca0000 - 0x00007ffdaf84b000 	C:\Program Files\Java\jdk-16.0.1\bin\server\jvm.dll
0x00007ffdfe130000 - 0x00007ffdfe138000 	C:\WINDOWS\System32\PSAPI.DLL
0x00007ffdf38e0000 - 0x00007ffdf3907000 	C:\WINDOWS\SYSTEM32\WINMM.dll
0x00007ffdf9b00000 - 0x00007ffdf9b09000 	C:\WINDOWS\SYSTEM32\WSOCK32.dll
0x00007ffdfedc0000 - 0x00007ffdfee2b000 	C:\WINDOWS\System32\WS2_32.dll
0x00007ffdfaef0000 - 0x00007ffdfaf02000 	C:\WINDOWS\SYSTEM32\kernel.appcore.dll
0x00007ffdf9a40000 - 0x00007ffdf9a4a000 	C:\Program Files\Java\jdk-16.0.1\bin\jimage.dll
0x00007ffdefb60000 - 0x00007ffdefd44000 	C:\WINDOWS\SYSTEM32\DBGHELP.DLL
0x00007ffdefb30000 - 0x00007ffdefb5c000 	C:\WINDOWS\SYSTEM32\dbgcore.DLL
0x00007ffdfd2c0000 - 0x00007ffdfd343000 	C:\WINDOWS\System32\bcryptPrimitives.dll
0x00007ffdd2fb0000 - 0x00007ffdd2fd5000 	C:\Program Files\Java\jdk-16.0.1\bin\java.dll
0x00007ffdfee80000 - 0x00007ffdff5bf000 	C:\WINDOWS\System32\SHELL32.dll
0x00007ffdfb0f0000 - 0x00007ffdfb880000 	C:\WINDOWS\SYSTEM32\windows.storage.dll
0x00007ffdfe9b0000 - 0x00007ffdfed05000 	C:\WINDOWS\System32\combase.dll
0x00007ffdfc970000 - 0x00007ffdfc99e000 	C:\WINDOWS\SYSTEM32\Wldp.dll
0x00007ffdfe5e0000 - 0x00007ffdfe68d000 	C:\WINDOWS\System32\SHCORE.dll
0x00007ffdfdab0000 - 0x00007ffdfdb05000 	C:\WINDOWS\System32\shlwapi.dll
0x00007ffdfcf30000 - 0x00007ffdfcf4f000 	C:\WINDOWS\SYSTEM32\profapi.dll
0x00007ffddbf70000 - 0x00007ffddbf89000 	C:\Program Files\Java\jdk-16.0.1\bin\net.dll
0x00007ffdf0680000 - 0x00007ffdf078c000 	C:\WINDOWS\SYSTEM32\WINHTTP.dll
0x00007ffdfc6d0000 - 0x00007ffdfc73a000 	C:\WINDOWS\system32\mswsock.dll
0x00007ffddbf00000 - 0x00007ffddbf13000 	C:\Program Files\Java\jdk-16.0.1\bin\nio.dll
0x00007ffddbe80000 - 0x00007ffddbe98000 	C:\Program Files\Java\jdk-16.0.1\bin\zip.dll
0x00007ffdf0f90000 - 0x00007ffdf0f99000 	C:\Program Files\Java\jdk-16.0.1\bin\management.dll
0x00007ffdeee30000 - 0x00007ffdeee3b000 	C:\Program Files\Java\jdk-16.0.1\bin\management_ext.dll
0x00007ffdf70b0000 - 0x00007ffdf70c0000 	C:\Program Files\Java\jdk-16.0.1\bin\verify.dll
0x00007ffde4c30000 - 0x00007ffde4c47000 	C:\WINDOWS\system32\napinsp.dll
0x00007ffde4c10000 - 0x00007ffde4c2b000 	C:\WINDOWS\system32\pnrpnsp.dll
0x00007ffdecc90000 - 0x00007ffdecca5000 	C:\WINDOWS\system32\wshbth.dll
0x00007ffdf8ce0000 - 0x00007ffdf8cfd000 	C:\WINDOWS\system32\NLAapi.dll
0x00007ffdfc3c0000 - 0x00007ffdfc3fb000 	C:\WINDOWS\SYSTEM32\IPHLPAPI.DLL
0x00007ffdfc400000 - 0x00007ffdfc4cb000 	C:\WINDOWS\SYSTEM32\DNSAPI.dll
0x00007ffdfdb10000 - 0x00007ffdfdb18000 	C:\WINDOWS\System32\NSI.dll
0x00007ffde4bf0000 - 0x00007ffde4c02000 	C:\WINDOWS\System32\winrnr.dll
0x00007ffdefef0000 - 0x00007ffdefefa000 	C:\Windows\System32\rasadhlp.dll
0x00007ffdf05e0000 - 0x00007ffdf065f000 	C:\WINDOWS\System32\fwpuclnt.dll
0x00007ffdfd3f0000 - 0x00007ffdfd417000 	C:\WINDOWS\System32\bcrypt.dll
0x00007ffdfc8d0000 - 0x00007ffdfc8e8000 	C:\WINDOWS\SYSTEM32\CRYPTSP.dll
0x00007ffdfc050000 - 0x00007ffdfc084000 	C:\WINDOWS\system32\rsaenh.dll
0x00007ffdfcef0000 - 0x00007ffdfcf1e000 	C:\WINDOWS\SYSTEM32\USERENV.dll
0x00007ffdfc8c0000 - 0x00007ffdfc8cc000 	C:\WINDOWS\SYSTEM32\CRYPTBASE.dll
0x00007ffdf5cd0000 - 0x00007ffdf5ce7000 	C:\WINDOWS\SYSTEM32\dhcpcsvc6.DLL
0x00007ffdf5e50000 - 0x00007ffdf5e6d000 	C:\WINDOWS\SYSTEM32\dhcpcsvc.DLL

dbghelp: loaded successfully - version: 4.0.5 - missing functions: none
symbol engine: initialized successfully - sym options: 0x614 - pdb path: .;C:\Program Files\Java\jdk-16.0.1\bin;C:\WINDOWS\SYSTEM32;C:\WINDOWS\WinSxS\amd64_microsoft.windows.common-controls_6595b64144ccf1df_6.0.19041.1110_none_60b5254171f9507e;C:\Program Files\Java\jdk-16.0.1\bin\server

VM Arguments:
java_command: C:\Users\asus\AppData\Local\Temp\surefire14601544818389611304\surefirebooter3042187210494416325.jar C:\Users\asus\AppData\Local\Temp\surefire14601544818389611304 2021-11-16T22-51-29_446-jvmRun1 surefire16124424159544000373tmp surefire_015850546877742460077tmp
java_class_path (initial): C:\Users\asus\AppData\Local\Temp\surefire14601544818389611304\surefirebooter3042187210494416325.jar
Launcher Type: SUN_STANDARD

[Global flags]
     intx CICompilerCount                          = 4                                         {product} {ergonomic}
     uint ConcGCThreads                            = 2                                         {product} {ergonomic}
     uint G1ConcRefinementThreads                  = 8                                         {product} {ergonomic}
   size_t G1HeapRegionSize                         = 1048576                                   {product} {ergonomic}
    uintx GCDrainStackTargetSize                   = 64                                        {product} {ergonomic}
   size_t InitialHeapSize                          = 117440512                                 {product} {ergonomic}
   size_t MarkStackSize                            = 4194304                                   {product} {ergonomic}
   size_t MaxHeapSize                              = 1866465280                                {product} {ergonomic}
   size_t MaxNewSize                               = 1119879168                                {product} {ergonomic}
   size_t MinHeapDeltaBytes                        = 1048576                                   {product} {ergonomic}
   size_t MinHeapSize                              = 8388608                                   {product} {ergonomic}
    uintx NonNMethodCodeHeapSize                   = 5839372                                {pd product} {ergonomic}
    uintx NonProfiledCodeHeapSize                  = 122909434                              {pd product} {ergonomic}
    uintx ProfiledCodeHeapSize                     = 122909434                              {pd product} {ergonomic}
    uintx ReservedCodeCacheSize                    = 251658240                              {pd product} {ergonomic}
     bool SegmentedCodeCache                       = true                                      {product} {ergonomic}
   size_t SoftMaxHeapSize                          = 1866465280                             {manageable} {ergonomic}
     bool UseCompressedClassPointers               = true                           {product lp64_product} {ergonomic}
     bool UseCompressedOops                        = true                           {product lp64_product} {ergonomic}
     bool UseG1GC                                  = true                                      {product} {ergonomic}
     bool UseLargePagesIndividualAllocation        = false                                  {pd product} {ergonomic}

Logging:
Log output configuration:
 #0: stdout all=warning uptime,level,tags
 #1: stderr all=off uptime,level,tags

Environment Variables:
JAVA_HOME=C:\Program Files\Java\jdk-16.0.1
PATH=C:\Program Files\Common Files\Oracle\Java\javapath;C:\Program Files (x86)\Common Files\Oracle\Java\javapath;C:\WINDOWS\system32;C:\WINDOWS;C:\WINDOWS\System32\Wbem;C:\WINDOWS\System32\WindowsPowerShell\v1.0\;C:\WINDOWS\System32\OpenSSH\;C:\Program Files\Intel\WiFi\bin\;C:\Program Files\Common Files\Intel\WirelessCommon\;C:\Program Files (x86)\Windows Live\Shared;C:\Program Files (x86)\Microsoft SQL Server\100\Tools\Binn\;C:\Program Files (x86)\Microsoft SQL Server\100\DTS\Binn\;D:\sqlite;%M2_HOME%\bin;C:\Program Files\apache-maven-3.8.2-bin\apache-maven-3.8.2\bin;C:\Program Files\MySQL\MySQL Utilities 1.6\;C:\Program Files\Java\jdk-17.0.1\bin;C:\Program Files\Apache Software Foundation\Tomcat 9.0\bin;D:\Archivos de programa(D)\Git\cmd;D:\aplicacionesmoviles\flutter\bin;C:\Users\asus\AppData\Local\Programs\Python\Python39\Scripts\;C:\Users\asus\AppData\Local\Programs\Python\Python39\;C:\Users\asus\AppData\Local\Microsoft\WindowsApps;C:\Users\asus\AppData\Local\Programs\Microsoft VS Code\bin;C:\Users\asus\AppData\Local\Microsoft\WindowsApps;C:\Program Files\JetBrains\IntelliJ IDEA Community Edition 2021.1.1\bin;C:\Users\asus\AppData\Local\GitHubDesktop\bin;C:\aplicacionesmoviles\flutter\bin;
USERNAME=asus
OS=Windows_NT
PROCESSOR_IDENTIFIER=AMD64 Family 23 Model 17 Stepping 0, AuthenticAMD



---------------  S Y S T E M  ---------------

OS:
 Windows 10 , 64 bit Build 19041 (10.0.19041.1348)
OS uptime: 1 days 10:23 hours

CPU: total 8 (initial active 8) (8 cores per cpu, 2 threads per core) family 23 model 17 stepping 0 microcode 0x0, cx8, cmov, fxsr, ht, mmx, 3dnowpref, sse, sse2, sse3, ssse3, sse4a, sse4.1, sse4.2, popcnt, lzcnt, tsc, tscinvbit, avx, avx2, aes, clmul, bmi1, bmi2, adx, sha, fma, vzeroupper, clflush, clflushopt

Memory: 4k page, system-wide physical 7113M (1158M free)
TotalPageFile size 11377M (AvailPageFile size 9M)
current process WorkingSet (physical memory assigned to process): 281M, peak: 283M
current process commit charge ("private bytes"): 328M, peak: 333M

vm_info: Java HotSpot(TM) 64-Bit Server VM (16.0.1+9-24) for windows-amd64 JRE (16.0.1+9-24), built on Mar 26 2021 19:31:42 by "mach5one" with MS VC++ 16.7 (VS2019)

END.
